Thu 09 Mar 2023 03:50:45 PM UTC: 
 exercises.c | 0
 1 file changed, 0 insertions(+), 0 deletions(-)
 tests:  0|7
total_score: 0/70
06b5c26
Thu 09 Mar 2023 04:16:26 PM UTC: 
 exercises.c | 8 +++++---
 1 file changed, 5 insertions(+), 3 deletions(-)
In file included from test.c:5:
exercises.c: In function ‘swap’:
exercises.c:19:7: error: invalid type argument of unary ‘*’ (have ‘int’)
   19 |   a = *temp;
      |       ^~~~~
Compilation failed
78643a2
Thu 09 Mar 2023 04:16:34 PM UTC: 
 exercises.c | 2 +-
 1 file changed, 1 insertion(+), 1 deletion(-)
In file included from test.c:5:
exercises.c: In function ‘swap’:
exercises.c:19:5: error: assignment to ‘int *’ from ‘int’ makes pointer from integer without a cast [-Werror=int-conversion]
   19 |   a = temp;
      |     ^
cc1: all warnings being treated as errors
Compilation failed
58e7c48
Thu 09 Mar 2023 04:16:43 PM UTC: 
 exercises.c | 2 +-
 1 file changed, 1 insertion(+), 1 deletion(-)
 tests:  1|6
total_score: 10/70
a6a8665
Thu 09 Mar 2023 04:26:41 PM UTC: 
 exercises.c | 7 +++++--
 1 file changed, 5 insertions(+), 2 deletions(-)
In file included from test.c:5:
exercises.c: In function ‘crearPersona’:
exercises.c:51:17: error: ‘p’ is a pointer; did you mean to use ‘->’?
   51 |   scanf("%s", &p.nombre);
      |                 ^
      |                 ->
exercises.c:52:17: error: ‘p’ is a pointer; did you mean to use ‘->’?
   52 |   scanf("%s", &p.rut);
      |                 ^
      |                 ->
exercises.c:53:17: error: ‘p’ is a pointer; did you mean to use ‘->’?
   53 |   scanf("%d", &p.edad);
      |                 ^
      |                 ->
Compilation failed
ccafb47
Thu 09 Mar 2023 04:26:54 PM UTC: 
 exercises.c | 6 +++---
 1 file changed, 3 insertions(+), 3 deletions(-)
In file included from test.c:5:
exercises.c: In function ‘crearPersona’:
exercises.c:51:11: error: format ‘%s’ expects argument of type ‘char *’, but argument 2 has type ‘char (*)[30]’ [-Werror=format=]
   51 |   scanf("%s", &p->nombre);
      |          ~^   ~~~~~~~~~~
      |           |   |
      |           |   char (*)[30]
      |           char *
exercises.c:52:11: error: format ‘%s’ expects argument of type ‘char *’, but argument 2 has type ‘char (*)[11]’ [-Werror=format=]
   52 |   scanf("%s", &p->rut);
      |          ~^   ~~~~~~~
      |           |   |
      |           |   char (*)[11]
      |           char *
exercises.c:51:3: error: ignoring return value of ‘scanf’ declared with attribute ‘warn_unused_result’ [-Werror=unused-result]
   51 |   scanf("%s", &p->nombre);
      |   ^~~~~~~~~~~~~~~~~~~~~~~
exercises.c:52:3: error: ignoring return value of ‘scanf’ declared with attribute ‘warn_unused_result’ [-Werror=unused-result]
   52 |   scanf("%s", &p->rut);
      |   ^~~~~~~~~~~~~~~~~~~~
exercises.c:53:3: error: ignoring return value of ‘scanf’ declared with attribute ‘warn_unused_result’ [-Werror=unused-result]
   53 |   scanf("%d", &p->edad);
      |   ^~~~~~~~~~~~~~~~~~~~~
cc1: all warnings being treated as errors
Compilation failed
3acf765
Thu 09 Mar 2023 07:40:58 PM UTC: 
 exercises.c | 2 +-
 1 file changed, 1 insertion(+), 1 deletion(-)
In file included from test.c:5:
exercises.c: In function ‘crearPersona’:
exercises.c:51:16: error: format ‘%[^10/n’ expects argument of type ‘char *’, but argument 2 has type ‘char (*)[30]’ [-Werror=format=]
   51 |   scanf("%[^10/n]s", &p->nombre);
      |          ~~~~~~^     ~~~~~~~~~~
      |                |     |
      |                |     char (*)[30]
      |                char *
exercises.c:52:11: error: format ‘%s’ expects argument of type ‘char *’, but argument 2 has type ‘char (*)[11]’ [-Werror=format=]
   52 |   scanf("%s", &p->rut);
      |          ~^   ~~~~~~~
      |           |   |
      |           |   char (*)[11]
      |           char *
exercises.c:51:3: error: ignoring return value of ‘scanf’ declared with attribute ‘warn_unused_result’ [-Werror=unused-result]
   51 |   scanf("%[^10/n]s", &p->nombre);
      |   ^~~~~~~~~~~~~~~~~~~~~~~~~~~~~~
exercises.c:52:3: error: ignoring return value of ‘scanf’ declared with attribute ‘warn_unused_result’ [-Werror=unused-result]
   52 |   scanf("%s", &p->rut);
      |   ^~~~~~~~~~~~~~~~~~~~
exercises.c:53:3: error: ignoring return value of ‘scanf’ declared with attribute ‘warn_unused_result’ [-Werror=unused-result]
   53 |   scanf("%d", &p->edad);
      |   ^~~~~~~~~~~~~~~~~~~~~
cc1: all warnings being treated as errors
Compilation failed
774ba97
Thu 09 Mar 2023 07:41:11 PM UTC: 
 exercises.c | 2 +-
 1 file changed, 1 insertion(+), 1 deletion(-)
In file included from test.c:5:
exercises.c: In function ‘crearPersona’:
exercises.c:52:11: error: format ‘%s’ expects argument of type ‘char *’, but argument 2 has type ‘char (*)[11]’ [-Werror=format=]
   52 |   scanf("%s", &p->rut);
      |          ~^   ~~~~~~~
      |           |   |
      |           |   char (*)[11]
      |           char *
exercises.c:51:3: error: ignoring return value of ‘scanf’ declared with attribute ‘warn_unused_result’ [-Werror=unused-result]
   51 |   scanf("%[^10/n]s", p->nombre);
      |   ^~~~~~~~~~~~~~~~~~~~~~~~~~~~~
exercises.c:52:3: error: ignoring return value of ‘scanf’ declared with attribute ‘warn_unused_result’ [-Werror=unused-result]
   52 |   scanf("%s", &p->rut);
      |   ^~~~~~~~~~~~~~~~~~~~
exercises.c:53:3: error: ignoring return value of ‘scanf’ declared with attribute ‘warn_unused_result’ [-Werror=unused-result]
   53 |   scanf("%d", &p->edad);
      |   ^~~~~~~~~~~~~~~~~~~~~
cc1: all warnings being treated as errors
Compilation failed
bfd315c
Thu 09 Mar 2023 07:41:21 PM UTC: 
 exercises.c | 4 ++--
 1 file changed, 2 insertions(+), 2 deletions(-)
In file included from test.c:5:
exercises.c: In function ‘crearPersona’:
exercises.c:53:11: error: format ‘%d’ expects argument of type ‘int *’, but argument 2 has type ‘int’ [-Werror=format=]
   53 |   scanf("%d", p->edad);
      |          ~^   ~~~~~~~
      |           |    |
      |           |    int
      |           int *
exercises.c:51:3: error: ignoring return value of ‘scanf’ declared with attribute ‘warn_unused_result’ [-Werror=unused-result]
   51 |   scanf("%[^10/n]s", p->nombre);
      |   ^~~~~~~~~~~~~~~~~~~~~~~~~~~~~
exercises.c:52:3: error: ignoring return value of ‘scanf’ declared with attribute ‘warn_unused_result’ [-Werror=unused-result]
   52 |   scanf("%s", p->rut);
      |   ^~~~~~~~~~~~~~~~~~~
exercises.c:53:3: error: ignoring return value of ‘scanf’ declared with attribute ‘warn_unused_result’ [-Werror=unused-result]
   53 |   scanf("%d", p->edad);
      |   ^~~~~~~~~~~~~~~~~~~~
cc1: all warnings being treated as errors
Compilation failed
87ab2be
Thu 09 Mar 2023 07:41:53 PM UTC: 
 exercises.c | 2 +-
 1 file changed, 1 insertion(+), 1 deletion(-)
In file included from test.c:5:
exercises.c: In function ‘crearPersona’:
exercises.c:51:3: error: ignoring return value of ‘scanf’ declared with attribute ‘warn_unused_result’ [-Werror=unused-result]
   51 |   scanf("%[^10/n]s", p->nombre);
      |   ^~~~~~~~~~~~~~~~~~~~~~~~~~~~~
exercises.c:52:3: error: ignoring return value of ‘scanf’ declared with attribute ‘warn_unused_result’ [-Werror=unused-result]
   52 |   scanf("%s", p->rut);
      |   ^~~~~~~~~~~~~~~~~~~
exercises.c:53:3: error: ignoring return value of ‘scanf’ declared with attribute ‘warn_unused_result’ [-Werror=unused-result]
   53 |   scanf("%d", &p->edad);
      |   ^~~~~~~~~~~~~~~~~~~~~
cc1: all warnings being treated as errors
Compilation failed
3591ac6
Thu 09 Mar 2023 07:42:12 PM UTC: 
 exercises.c | 2 +-
 1 file changed, 1 insertion(+), 1 deletion(-)
In file included from test.c:5:
exercises.c: In function ‘crearPersona’:
exercises.c:53:17: error: ‘p’ is a pointer; did you mean to use ‘->’?
   53 |   scanf("%d", &p.edad);
      |                 ^
      |                 ->
exercises.c:51:3: error: ignoring return value of ‘scanf’ declared with attribute ‘warn_unused_result’ [-Werror=unused-result]
   51 |   scanf("%[^10/n]s", p->nombre);
      |   ^~~~~~~~~~~~~~~~~~~~~~~~~~~~~
exercises.c:52:3: error: ignoring return value of ‘scanf’ declared with attribute ‘warn_unused_result’ [-Werror=unused-result]
   52 |   scanf("%s", p->rut);
      |   ^~~~~~~~~~~~~~~~~~~
cc1: all warnings being treated as errors
Compilation failed
15afc59
Thu 09 Mar 2023 07:43:06 PM UTC: 
 exercises.c | 4 ++--
 1 file changed, 2 insertions(+), 2 deletions(-)
In file included from test.c:5:
exercises.c: In function ‘crearPersona’:
exercises.c:51:3: error: ignoring return value of ‘scanf’ declared with attribute ‘warn_unused_result’ [-Werror=unused-result]
   51 |   scanf("%[^30/n]s", p->nombre);
      |   ^~~~~~~~~~~~~~~~~~~~~~~~~~~~~
exercises.c:52:3: error: ignoring return value of ‘scanf’ declared with attribute ‘warn_unused_result’ [-Werror=unused-result]
   52 |   scanf("%s", p->rut);
      |   ^~~~~~~~~~~~~~~~~~~
exercises.c:53:3: error: ignoring return value of ‘scanf’ declared with attribute ‘warn_unused_result’ [-Werror=unused-result]
   53 |   scanf("%d", &p->edad);
      |   ^~~~~~~~~~~~~~~~~~~~~
cc1: all warnings being treated as errors
Compilation failed
5fca404
Thu 09 Mar 2023 07:43:34 PM UTC: 
 exercises.c | 2 +-
 1 file changed, 1 insertion(+), 1 deletion(-)
In file included from test.c:5:
exercises.c: In function ‘crearPersona’:
exercises.c:51:3: error: ignoring return value of ‘scanf’ declared with attribute ‘warn_unused_result’ [-Werror=unused-result]
   51 |   scanf("%s", p->nombre);
      |   ^~~~~~~~~~~~~~~~~~~~~~
exercises.c:52:3: error: ignoring return value of ‘scanf’ declared with attribute ‘warn_unused_result’ [-Werror=unused-result]
   52 |   scanf("%s", p->rut);
      |   ^~~~~~~~~~~~~~~~~~~
exercises.c:53:3: error: ignoring return value of ‘scanf’ declared with attribute ‘warn_unused_result’ [-Werror=unused-result]
   53 |   scanf("%d", &p->edad);
      |   ^~~~~~~~~~~~~~~~~~~~~
cc1: all warnings being treated as errors
Compilation failed
62dcab7
Fri 10 Mar 2023 01:31:59 AM UTC: 
 exercises.c | 11 ++++++++++-
 1 file changed, 10 insertions(+), 1 deletion(-)
In file included from test.c:5:
exercises.c: In function ‘arrayMaxMin’:
exercises.c:35:20: error: expected ‘;’ before ‘}’ token
   35 |         *min = a[i]
      |                    ^
      |                    ;
   36 | 
   37 |     }
      |     ~               
exercises.c: In function ‘crearPersona’:
exercises.c:60:3: error: ignoring return value of ‘scanf’ declared with attribute ‘warn_unused_result’ [-Werror=unused-result]
   60 |   scanf("%[^30/n]s", p->nombre);
      |   ^~~~~~~~~~~~~~~~~~~~~~~~~~~~~
exercises.c:61:3: error: ignoring return value of ‘scanf’ declared with attribute ‘warn_unused_result’ [-Werror=unused-result]
   61 |   scanf("%s", p->rut);
      |   ^~~~~~~~~~~~~~~~~~~
exercises.c:62:3: error: ignoring return value of ‘scanf’ declared with attribute ‘warn_unused_result’ [-Werror=unused-result]
   62 |   scanf("%d", &p->edad);
      |   ^~~~~~~~~~~~~~~~~~~~~
cc1: all warnings being treated as errors
Compilation failed
159bf69
Fri 10 Mar 2023 01:32:12 AM UTC: 
 exercises.c | 5 +----
 1 file changed, 1 insertion(+), 4 deletions(-)
 tests:  1|6
total_score: 10/70
a71eeb0
Fri 10 Mar 2023 01:33:42 AM UTC: 
 exercises.c | 4 ++++
 1 file changed, 4 insertions(+)
 tests:  2|5
total_score: 20/70
035639a
Fri 10 Mar 2023 01:51:03 AM UTC: 
 exercises.c | 5 +++++
 1 file changed, 5 insertions(+)
 tests:  2|5
total_score: 20/70
53e3727
Fri 10 Mar 2023 01:52:40 AM UTC: 
 exercises.c | 3 +++
 1 file changed, 3 insertions(+)
 tests:  3|4
total_score: 30/70
4f53502
Fri 10 Mar 2023 02:02:15 AM UTC: 
 exercises.c | 5 +++++
 1 file changed, 5 insertions(+)
In file included from test.c:5:
exercises.c: In function ‘crearVector’:
exercises.c:88:3: error: unknown type name ‘vector’; did you mean ‘Vector’?
   88 |   vector *temp = (vector *) malloc(n * sizeof(vector));
      |   ^~~~~~
      |   Vector
exercises.c:88:19: error: ‘vector’ undeclared (first use in this function); did you mean ‘Vector’?
   88 |   vector *temp = (vector *) malloc(n * sizeof(vector));
      |                   ^~~~~~
      |                   Vector
exercises.c:88:19: note: each undeclared identifier is reported only once for each function it appears in
exercises.c:88:27: error: expected expression before ‘)’ token
   88 |   vector *temp = (vector *) malloc(n * sizeof(vector));
      |                           ^
exercises.c:89:13: error: comparison between pointer and integer [-Werror]
   89 |   if (*temp == NULL)
      |             ^~
exercises.c:92:10: error: returning ‘int *’ from a function with incompatible return type ‘Vector *’ [-Werror=incompatible-pointer-types]
   92 |   return temp;
      |          ^~~~
cc1: all warnings being treated as errors
Compilation failed
5886e17
Fri 10 Mar 2023 02:02:26 AM UTC: 
 exercises.c | 4 ++--
 1 file changed, 2 insertions(+), 2 deletions(-)
In file included from test.c:5:
exercises.c: In function ‘crearVector’:
exercises.c:88:19: error: ‘vector’ undeclared (first use in this function); did you mean ‘Vector’?
   88 |   Vector *temp = (vector *) malloc(n * sizeof(vector));
      |                   ^~~~~~
      |                   Vector
exercises.c:88:19: note: each undeclared identifier is reported only once for each function it appears in
exercises.c:88:27: error: expected expression before ‘)’ token
   88 |   Vector *temp = (vector *) malloc(n * sizeof(vector));
      |                           ^
Compilation failed
802778d
Fri 10 Mar 2023 02:02:36 AM UTC: 
 exercises.c | 2 +-
 1 file changed, 1 insertion(+), 1 deletion(-)
In file included from test.c:5:
exercises.c: In function ‘crearVector’:
exercises.c:88:47: error: ‘vector’ undeclared (first use in this function); did you mean ‘Vector’?
   88 |   Vector *temp = (Vector *) malloc(n * sizeof(vector));
      |                                               ^~~~~~
      |                                               Vector
exercises.c:88:47: note: each undeclared identifier is reported only once for each function it appears in
Compilation failed
0c36a3e
Fri 10 Mar 2023 02:02:42 AM UTC: 
 exercises.c | 2 +-
 1 file changed, 1 insertion(+), 1 deletion(-)
 tests:  3|4
total_score: 30/70
3e28ff0
Fri 10 Mar 2023 02:05:51 AM UTC: 
 exercises.c | 7 +++++++
 1 file changed, 7 insertions(+)
In file included from test.c:5:
exercises.c: In function ‘crearVector’:
exercises.c:94:5: error: too few arguments to function ‘free’
   94 |     free();
      |     ^~~~
In file included from test.c:2:
/nix/store/iwd8ic5hhwdxn5dga0im55g5hjl270cd-glibc-2.33-47-dev/include/stdlib.h:565:13: note: declared here
  565 | extern void free (void *__ptr) __THROW;
      |             ^~~~
Compilation failed
5b68302
Fri 10 Mar 2023 02:05:59 AM UTC: 
 exercises.c | 2 +-
 1 file changed, 1 insertion(+), 1 deletion(-)
 tests:  4|3
total_score: 40/70
75f95d9
Fri 10 Mar 2023 02:06:07 AM UTC: 
 exercises.c | 1 -
 1 file changed, 1 deletion(-)
 tests:  4|3
total_score: 40/70
12d1e87
Fri 10 Mar 2023 02:07:49 AM UTC: 
 exercises.c | 8 +++++---
 1 file changed, 5 insertions(+), 3 deletions(-)
 tests:  4|3
total_score: 40/70
19e3e51
Fri 10 Mar 2023 02:09:21 AM UTC: 
 exercises.c | 2 +-
 1 file changed, 1 insertion(+), 1 deletion(-)
In file included from test.c:5:
exercises.c: In function ‘asignarValor’:
exercises.c:109:3: error: invalid type argument of unary ‘*’ (have ‘int’)
  109 |   *v->datos[i] = valor;
      |   ^~~~~~~~~~~~
Compilation failed
5a4ce31
Fri 10 Mar 2023 02:09:41 AM UTC: 
 exercises.c | 2 +-
 1 file changed, 1 insertion(+), 1 deletion(-)
In file included from test.c:5:
exercises.c: In function ‘asignarValor’:
exercises.c:109:4: error: ‘v’ is a pointer; did you mean to use ‘->’?
  109 |   v.datos[i] = valor;
      |    ^
      |    ->
Compilation failed
b5c6836
Fri 10 Mar 2023 02:09:49 AM UTC: 
 exercises.c | 2 +-
 1 file changed, 1 insertion(+), 1 deletion(-)
 tests:  4|3
total_score: 40/70
a019f3a
Fri 10 Mar 2023 02:12:22 AM UTC: 
 exercises.c | 2 +-
 1 file changed, 1 insertion(+), 1 deletion(-)
In file included from test.c:5:
exercises.c: In function ‘asignarValor’:
exercises.c:109:6: error: expected identifier before ‘*’ token
  109 |   v->*datos[i] = valor;
      |      ^
Compilation failed
a3b14db
